{"level":"info","message":"Incoming Request: GET /api/v1/jobs/public? | User: Guest | IP: ::1"}
{"level":"info","message":"Incoming Request: GET /api/v1/companies/public | User: Guest | IP: ::1"}
{"level":"info","message":"Request Completed: GET /api/v1/companies/public | Status: 200 | User: Guest"}
{"level":"info","message":"Request Completed: GET /api/v1/jobs/public? | Status: 200 | User: Guest"}
{"level":"info","message":"Incoming Request: GET /api/v1/admin/companies | User: Guest | IP: ::1"}
{"level":"info","message":"Request Completed: GET /api/v1/admin/companies | Status: 304 | User: Guest"}
{"level":"info","message":"Incoming Request: GET /api/v1/admin/logs | User: Guest | IP: ::1"}
{"level":"info","message":"Request Completed: GET /api/v1/admin/logs | Status: 200 | User: Guest"}
{"level":"info","message":"Incoming Request: GET /api/v1/admin/logs | User: Guest | IP: ::1"}
{"level":"info","message":"Request Completed: GET /api/v1/admin/logs | Status: 200 | User: Guest"}
{"level":"info","message":"Incoming Request: GET /api/v1/admin/logs | User: Guest | IP: ::1"}
{"level":"info","message":"Request Completed: GET /api/v1/admin/logs | Status: 200 | User: Guest"}
{"level":"info","message":"Incoming Request: POST /api/v1/users/login | User: Guest | IP: ::1"}
{"level":"error","message":"Request Failed: POST /api/v1/users/login | Status: 404 | User: Guest"}
{"level":"info","message":"Incoming Request: POST /api/v1/users/login | User: Guest | IP: ::1"}
{"level":"error","message":"Request Failed: POST /api/v1/users/login | Status: 404 | User: Guest"}
{"level":"info","message":"Incoming Request: GET /api/v1/jobs/public? | User: Guest | IP: ::1"}
{"level":"info","message":"Incoming Request: GET /api/v1/companies/public | User: Guest | IP: ::1"}
{"level":"info","message":"Request Completed: GET /api/v1/companies/public | Status: 200 | User: Guest"}
{"level":"info","message":"Request Completed: GET /api/v1/jobs/public? | Status: 200 | User: Guest"}
{"level":"info","message":"Incoming Request: GET /api/v1/admin/logs | User: Guest | IP: ::1"}
{"level":"info","message":"Request Completed: GET /api/v1/admin/logs | Status: 200 | User: Guest"}
{"level":"info","message":"Incoming Request: GET /api/v1/admin/logs | User: Guest | IP: ::1"}
{"level":"info","message":"Request Completed: GET /api/v1/admin/logs | Status: 200 | User: Guest"}
{"level":"info","message":"Incoming Request: GET /api/v1/admin/logs | User: Guest | IP: ::1"}
{"level":"info","message":"Request Completed: GET /api/v1/admin/logs | Status: 200 | User: Guest"}
{"level":"info","message":"Incoming Request: GET /api/v1/jobs/public? | User: Guest | IP: ::1"}
{"level":"info","message":"Incoming Request: GET /api/v1/companies/public | User: Guest | IP: ::1"}
{"level":"info","message":"Request Completed: GET /api/v1/companies/public | Status: 200 | User: Guest"}
{"level":"info","message":"Request Completed: GET /api/v1/jobs/public? | Status: 200 | User: Guest"}
{"level":"info","message":"Incoming Request: GET /api/v1/jobs/public?keyword=&location=&jobType=&page=1 | User: Guest | IP: ::1"}
{"level":"info","message":"Request Completed: GET /api/v1/jobs/public?keyword=&location=&jobType=&page=1 | Status: 200 | User: Guest"}
{"level":"info","message":"Incoming Request: GET /api/v1/companies/public/6960fae9b176dd307822d7f8 | User: Guest | IP: ::1"}
{"level":"info","message":"Request Completed: GET /api/v1/companies/public/6960fae9b176dd307822d7f8 | Status: 200 | User: Guest"}
{"level":"info","message":"Incoming Request: GET /api/v1/jobs/public/6960fae9b176dd307822d8d4 | User: Guest | IP: ::1"}
{"level":"info","message":"Request Completed: GET /api/v1/jobs/public/6960fae9b176dd307822d8d4 | Status: 200 | User: Guest"}
{"level":"info","message":"Incoming Request: POST /api/v1/users/login | User: Guest | IP: ::1"}
{"level":"error","message":"Request Failed: POST /api/v1/users/login | Status: 404 | User: Guest"}
{"level":"info","message":"Incoming Request: POST /api/v1/users/login | User: Guest | IP: ::1"}
{"level":"error","message":"Request Failed: POST /api/v1/users/login | Status: 404 | User: Guest"}
{"level":"info","message":"Incoming Request: POST /api/v1/users/login | User: Guest | IP: ::1"}
{"level":"error","message":"Request Failed: POST /api/v1/users/login | Status: 404 | User: Guest"}
{"level":"info","message":"Incoming Request: POST /api/v1/users/forgot-password | User: Guest | IP: ::1"}
{"level":"error","message":"Request Failed: POST /api/v1/users/forgot-password | Status: 404 | User: Guest"}
{"level":"info","message":"Incoming Request: POST /api/v1/users/forgot-password | User: Guest | IP: ::1"}
{"level":"error","message":"Request Failed: POST /api/v1/users/forgot-password | Status: 404 | User: Guest"}
{"level":"info","message":"Incoming Request: POST /api/v1/users/login | User: Guest | IP: ::1"}
{"level":"error","message":"Request Failed: POST /api/v1/users/login | Status: 401 | User: Guest"}
{"level":"info","message":"Incoming Request: POST /api/v1/users/login | User: Guest | IP: ::1"}
{"level":"error","message":"Request Failed: POST /api/v1/users/login | Status: 401 | User: Guest"}
{"level":"info","message":"Incoming Request: POST /api/v1/users/login | User: Guest | IP: ::1"}
{"level":"error","message":"Request Failed: POST /api/v1/users/login | Status: 401 | User: Guest"}
{"level":"info","message":"Incoming Request: POST /api/v1/users/login | User: Guest | IP: ::1"}
{"level":"info","message":"Request Completed: POST /api/v1/users/login | Status: 200 | User: Guest"}
{"level":"info","message":"Incoming Request: GET /api/v1/chats | User: Guest | IP: ::1"}
{"level":"info","message":"Incoming Request: GET /api/v1/jobs/public? | User: Guest | IP: ::1"}
{"level":"info","message":"Incoming Request: GET /api/v1/companies/public | User: Guest | IP: ::1"}
{"level":"info","message":"Request Completed: GET /api/v1/companies/public | Status: 304 | User: Guest"}
{"level":"info","message":"Request Completed: GET /api/v1/chats | Status: 200 | User: Guest"}
{"level":"info","message":"Request Completed: GET /api/v1/jobs/public? | Status: 304 | User: Guest"}
{"level":"info","message":"Incoming Request: GET /api/v1/jobs/public?keyword=%2Cmfg | User: Guest | IP: ::1"}
{"level":"info","message":"Request Completed: GET /api/v1/jobs/public?keyword=%2Cmfg | Status: 200 | User: Guest"}
{"level":"info","message":"Incoming Request: GET /api/v1/jobs/public?keyword=%2C | User: Guest | IP: ::1"}
{"level":"info","message":"Request Completed: GET /api/v1/jobs/public?keyword=%2C | Status: 200 | User: Guest"}
{"level":"info","message":"Incoming Request: GET /api/v1/jobs/public?keyword=as | User: Guest | IP: ::1"}
{"level":"info","message":"Request Completed: GET /api/v1/jobs/public?keyword=as | Status: 200 | User: Guest"}
{"level":"info","message":"Incoming Request: GET /api/v1/jobs/public?keyword=&location=&jobType=&page=1 | User: Guest | IP: ::1"}
{"level":"info","message":"Request Completed: GET /api/v1/jobs/public?keyword=&location=&jobType=&page=1 | Status: 304 | User: Guest"}
{"level":"info","message":"Incoming Request: GET /api/v1/chats | User: Guest | IP: ::1"}
{"level":"info","message":"Incoming Request: GET /api/v1/jobs/public? | User: Guest | IP: ::1"}
{"level":"info","message":"Incoming Request: GET /api/v1/companies/public | User: Guest | IP: ::1"}
{"level":"info","message":"Request Completed: GET /api/v1/companies/public | Status: 304 | User: Guest"}
{"level":"info","message":"Request Completed: GET /api/v1/chats | Status: 304 | User: Guest"}
{"level":"info","message":"Request Completed: GET /api/v1/jobs/public? | Status: 304 | User: Guest"}
{"level":"info","message":"Incoming Request: GET /api/v1/jobs/public? | User: Guest | IP: ::1"}
{"level":"info","message":"Incoming Request: GET /api/v1/chats | User: Guest | IP: ::1"}
{"level":"info","message":"Incoming Request: GET /api/v1/companies/public | User: Guest | IP: ::1"}
{"level":"info","message":"Request Completed: GET /api/v1/companies/public | Status: 304 | User: Guest"}
{"level":"info","message":"Request Completed: GET /api/v1/chats | Status: 304 | User: Guest"}
{"level":"info","message":"Request Completed: GET /api/v1/jobs/public? | Status: 304 | User: Guest"}
{"level":"info","message":"Incoming Request: GET /api/v1/jobs/public? | User: Guest | IP: ::1"}
{"level":"info","message":"Incoming Request: GET /api/v1/companies/public | User: Guest | IP: ::1"}
{"level":"info","message":"Incoming Request: GET /api/v1/chats | User: Guest | IP: ::1"}
{"level":"info","message":"Request Completed: GET /api/v1/companies/public | Status: 304 | User: Guest"}
{"level":"info","message":"Request Completed: GET /api/v1/jobs/public? | Status: 304 | User: Guest"}
{"level":"info","message":"Request Completed: GET /api/v1/chats | Status: 304 | User: Guest"}
{"level":"info","message":"Incoming Request: GET /api/v1/chats | User: Guest | IP: ::1"}
{"level":"info","message":"Incoming Request: GET /api/v1/jobs/public? | User: Guest | IP: ::1"}
{"level":"info","message":"Incoming Request: GET /api/v1/companies/public | User: Guest | IP: ::1"}
{"level":"info","message":"Request Completed: GET /api/v1/companies/public | Status: 304 | User: Guest"}
{"level":"info","message":"Request Completed: GET /api/v1/chats | Status: 304 | User: Guest"}
{"level":"info","message":"Request Completed: GET /api/v1/jobs/public? | Status: 304 | User: Guest"}
{"level":"info","message":"Incoming Request: GET /api/v1/chats | User: Guest | IP: ::1"}
{"level":"info","message":"Incoming Request: GET /api/v1/jobs/public? | User: Guest | IP: ::1"}
{"level":"info","message":"Incoming Request: GET /api/v1/companies/public | User: Guest | IP: ::1"}
{"level":"info","message":"Request Completed: GET /api/v1/companies/public | Status: 304 | User: Guest"}
{"level":"info","message":"Request Completed: GET /api/v1/chats | Status: 304 | User: Guest"}
{"level":"info","message":"Request Completed: GET /api/v1/jobs/public? | Status: 304 | User: Guest"}
{"level":"info","message":"Incoming Request: GET /api/v1/chats | User: Guest | IP: ::1"}
{"level":"info","message":"Incoming Request: GET /api/v1/jobs/public? | User: Guest | IP: ::1"}
{"level":"info","message":"Incoming Request: GET /api/v1/companies/public | User: Guest | IP: ::1"}
{"level":"info","message":"Request Completed: GET /api/v1/companies/public | Status: 304 | User: Guest"}
{"level":"info","message":"Request Completed: GET /api/v1/chats | Status: 304 | User: Guest"}
{"level":"info","message":"Request Completed: GET /api/v1/jobs/public? | Status: 304 | User: Guest"}
{"level":"info","message":"Incoming Request: GET /api/v1/chats | User: Guest | IP: ::1"}
{"level":"info","message":"Incoming Request: GET /api/v1/jobs/public? | User: Guest | IP: ::1"}
{"level":"info","message":"Incoming Request: GET /api/v1/companies/public | User: Guest | IP: ::1"}
{"level":"info","message":"Request Completed: GET /api/v1/chats | Status: 304 | User: Guest"}
{"level":"info","message":"Request Completed: GET /api/v1/companies/public | Status: 304 | User: Guest"}
{"level":"info","message":"Request Completed: GET /api/v1/jobs/public? | Status: 304 | User: Guest"}
{"level":"info","message":"Incoming Request: GET /api/v1/jobs/public? | User: Guest | IP: ::1"}
{"level":"info","message":"Incoming Request: GET /api/v1/companies/public | User: Guest | IP: ::1"}
{"level":"info","message":"Request Completed: GET /api/v1/jobs/public? | Status: 200 | User: Guest"}
{"level":"info","message":"Request Completed: GET /api/v1/companies/public | Status: 200 | User: Guest"}
{"level":"info","message":"Incoming Request: GET /api/v1/companies/public | User: Guest | IP: ::1"}
{"level":"info","message":"Incoming Request: GET /api/v1/jobs/public? | User: Guest | IP: ::1"}
{"level":"info","message":"Request Completed: GET /api/v1/companies/public | Status: 304 | User: Guest"}
{"level":"info","message":"Request Completed: GET /api/v1/jobs/public? | Status: 304 | User: Guest"}
{"level":"info","message":"Incoming Request: GET /api/v1/chats | User: Guest | IP: ::1"}
{"level":"info","message":"Incoming Request: GET /api/v1/jobs/public? | User: Guest | IP: ::1"}
{"level":"info","message":"Incoming Request: GET /api/v1/companies/public | User: Guest | IP: ::1"}
{"level":"info","message":"Request Completed: GET /api/v1/companies/public | Status: 304 | User: Guest"}
{"level":"info","message":"Request Completed: GET /api/v1/chats | Status: 304 | User: Guest"}
{"level":"info","message":"Request Completed: GET /api/v1/jobs/public? | Status: 304 | User: Guest"}
{"level":"info","message":"Incoming Request: GET /api/v1/companies/public/6960fae9b176dd307822d7e0 | User: Guest | IP: ::1"}
{"level":"info","message":"Request Completed: GET /api/v1/companies/public/6960fae9b176dd307822d7e0 | Status: 200 | User: Guest"}
{"level":"info","message":"Incoming Request: GET /api/v1/jobs/public? | User: Guest | IP: ::1"}
{"level":"info","message":"Request Completed: GET /api/v1/jobs/public? | Status: 304 | User: Guest"}
{"level":"info","message":"Incoming Request: GET /api/v1/companies/public | User: Guest | IP: ::1"}
{"level":"info","message":"Request Completed: GET /api/v1/companies/public | Status: 304 | User: Guest"}
{"level":"info","message":"Incoming Request: GET /api/v1/jobs/public? | User: Guest | IP: ::1"}
{"level":"info","message":"Incoming Request: GET /api/v1/companies/public | User: Guest | IP: ::1"}
{"level":"info","message":"Request Completed: GET /api/v1/companies/public | Status: 304 | User: Guest"}
{"level":"info","message":"Request Completed: GET /api/v1/jobs/public? | Status: 304 | User: Guest"}
{"level":"info","message":"Incoming Request: GET /api/v1/jobs/public? | User: Guest | IP: ::1"}
{"level":"info","message":"Incoming Request: GET /api/v1/chats | User: Guest | IP: ::1"}
{"level":"info","message":"Incoming Request: GET /api/v1/companies/public | User: Guest | IP: ::1"}
{"level":"info","message":"Request Completed: GET /api/v1/companies/public | Status: 304 | User: Guest"}
{"level":"info","message":"Request Completed: GET /api/v1/jobs/public? | Status: 304 | User: Guest"}
{"level":"info","message":"Request Completed: GET /api/v1/chats | Status: 304 | User: Guest"}
{"level":"info","message":"Incoming Request: GET /api/v1/chats | User: Guest | IP: ::1"}
{"level":"info","message":"Incoming Request: GET /api/v1/jobs/public? | User: Guest | IP: ::1"}
{"level":"info","message":"Incoming Request: GET /api/v1/companies/public | User: Guest | IP: ::1"}
{"level":"info","message":"Request Completed: GET /api/v1/companies/public | Status: 304 | User: Guest"}
{"level":"info","message":"Request Completed: GET /api/v1/chats | Status: 304 | User: Guest"}
{"level":"info","message":"Request Completed: GET /api/v1/jobs/public? | Status: 304 | User: Guest"}
{"level":"info","message":"Incoming Request: GET /api/v1/jobs/public? | User: Guest | IP: ::1"}
{"level":"info","message":"Request Completed: GET /api/v1/jobs/public? | Status: 304 | User: Guest"}
{"level":"info","message":"Incoming Request: GET /api/v1/companies/public | User: Guest | IP: ::1"}
{"level":"info","message":"Request Completed: GET /api/v1/companies/public | Status: 304 | User: Guest"}
{"level":"info","message":"Incoming Request: GET /api/v1/jobs/public? | User: Guest | IP: ::1"}
{"level":"info","message":"Incoming Request: GET /api/v1/companies/public | User: Guest | IP: ::1"}
{"level":"info","message":"Request Completed: GET /api/v1/jobs/public? | Status: 304 | User: Guest"}
{"level":"info","message":"Request Completed: GET /api/v1/companies/public | Status: 304 | User: Guest"}
{"level":"info","message":"Incoming Request: GET /api/v1/jobs/public? | User: Guest | IP: ::1"}
{"level":"info","message":"Incoming Request: GET /api/v1/companies/public | User: Guest | IP: ::1"}
{"level":"info","message":"Request Completed: GET /api/v1/jobs/public? | Status: 304 | User: Guest"}
{"level":"info","message":"Request Completed: GET /api/v1/companies/public | Status: 304 | User: Guest"}
{"level":"info","message":"Incoming Request: GET /api/v1/jobs/public?keyword=&location=&jobType=&page=1 | User: Guest | IP: ::1"}
{"level":"info","message":"Request Completed: GET /api/v1/jobs/public?keyword=&location=&jobType=&page=1 | Status: 304 | User: Guest"}
{"level":"info","message":"Incoming Request: GET /api/v1/jobs/public?keyword=&location=&jobType=&page=1 | User: Guest | IP: ::1"}
{"level":"info","message":"Request Completed: GET /api/v1/jobs/public?keyword=&location=&jobType=&page=1 | Status: 304 | User: Guest"}
{"level":"info","message":"Incoming Request: GET /api/v1/jobs/public? | User: Guest | IP: ::1"}
{"level":"info","message":"Incoming Request: GET /api/v1/companies/public | User: Guest | IP: ::1"}
{"level":"info","message":"Request Completed: GET /api/v1/companies/public | Status: 304 | User: Guest"}
{"level":"info","message":"Request Completed: GET /api/v1/jobs/public? | Status: 304 | User: Guest"}
{"level":"info","message":"Incoming Request: GET /api/v1/jobs/public? | User: Guest | IP: ::1"}
{"level":"info","message":"Incoming Request: GET /api/v1/companies/public | User: Guest | IP: ::1"}
{"level":"info","message":"Request Completed: GET /api/v1/companies/public | Status: 304 | User: Guest"}
{"level":"info","message":"Request Completed: GET /api/v1/jobs/public? | Status: 304 | User: Guest"}
{"level":"info","message":"Incoming Request: GET /api/v1/jobs/public? | User: Guest | IP: ::1"}
{"level":"info","message":"Incoming Request: GET /api/v1/companies/public | User: Guest | IP: ::1"}
{"level":"info","message":"Request Completed: GET /api/v1/companies/public | Status: 304 | User: Guest"}
{"level":"info","message":"Request Completed: GET /api/v1/jobs/public? | Status: 304 | User: Guest"}
{"level":"info","message":"Incoming Request: GET /api/v1/jobs/public?keyword=&location=&jobType=&page=1 | User: Guest | IP: ::1"}
{"level":"info","message":"Request Completed: GET /api/v1/jobs/public?keyword=&location=&jobType=&page=1 | Status: 304 | User: Guest"}
{"level":"info","message":"Incoming Request: POST /api/v1/users/login | User: Guest | IP: ::1"}
{"level":"error","message":"Request Failed: POST /api/v1/users/login | Status: 404 | User: Guest"}
{"level":"info","message":"Incoming Request: GET /api/v1/jobs/public? | User: Guest | IP: ::1"}
{"level":"info","message":"Incoming Request: GET /api/v1/companies/public | User: Guest | IP: ::1"}
{"level":"info","message":"Request Completed: GET /api/v1/companies/public | Status: 304 | User: Guest"}
{"level":"info","message":"Request Completed: GET /api/v1/jobs/public? | Status: 304 | User: Guest"}
{"level":"info","message":"Incoming Request: GET /api/v1/companies/public | User: Guest | IP: ::1"}
{"level":"info","message":"Request Completed: GET /api/v1/companies/public | Status: 304 | User: Guest"}
{"level":"info","message":"Incoming Request: GET /api/v1/companies/public/6960fae9b176dd307822d7ec | User: Guest | IP: ::1"}
{"level":"info","message":"Request Completed: GET /api/v1/companies/public/6960fae9b176dd307822d7ec | Status: 200 | User: Guest"}
{"level":"info","message":"Incoming Request: GET /api/v1/companies/public | User: Guest | IP: ::1"}
{"level":"info","message":"Request Completed: GET /api/v1/companies/public | Status: 304 | User: Guest"}
{"level":"info","message":"Incoming Request: GET /api/v1/companies/public | User: Guest | IP: ::1"}
{"level":"info","message":"Request Completed: GET /api/v1/companies/public | Status: 304 | User: Guest"}
{"level":"info","message":"Incoming Request: GET /api/v1/companies/public/6960fae9b176dd307822d7e0 | User: Guest | IP: ::1"}
{"level":"info","message":"Request Completed: GET /api/v1/companies/public/6960fae9b176dd307822d7e0 | Status: 200 | User: Guest"}
{"level":"info","message":"Incoming Request: GET /api/v1/jobs/public? | User: Guest | IP: ::1"}
{"level":"info","message":"Incoming Request: GET /api/v1/companies/public | User: Guest | IP: ::1"}
{"level":"info","message":"Request Completed: GET /api/v1/companies/public | Status: 304 | User: Guest"}
{"level":"info","message":"Request Completed: GET /api/v1/jobs/public? | Status: 304 | User: Guest"}
{"level":"info","message":"Incoming Request: GET /api/v1/companies/public/6960fae9b176dd307822d7e0 | User: Guest | IP: ::1"}
{"level":"info","message":"Request Completed: GET /api/v1/companies/public/6960fae9b176dd307822d7e0 | Status: 304 | User: Guest"}
{"level":"info","message":"Incoming Request: GET /api/v1/jobs/public/6960fae9b176dd307822d844 | User: Guest | IP: ::1"}
{"level":"info","message":"Request Completed: GET /api/v1/jobs/public/6960fae9b176dd307822d844 | Status: 200 | User: Guest"}
{"level":"info","message":"Incoming Request: GET /api/v1/jobs/public/6960fae9b176dd307822d800 | User: Guest | IP: ::1"}
{"level":"info","message":"Request Completed: GET /api/v1/jobs/public/6960fae9b176dd307822d800 | Status: 200 | User: Guest"}
{"level":"info","message":"Incoming Request: GET /api/v1/companies/public/6960fae9b176dd307822d7e0 | User: Guest | IP: ::1"}
{"level":"info","message":"Request Completed: GET /api/v1/companies/public/6960fae9b176dd307822d7e0 | Status: 304 | User: Guest"}
{"level":"info","message":"Incoming Request: GET /api/v1/jobs/public/6960fae9b176dd307822d844 | User: Guest | IP: ::1"}
{"level":"info","message":"Request Completed: GET /api/v1/jobs/public/6960fae9b176dd307822d844 | Status: 304 | User: Guest"}
{"level":"info","message":"Incoming Request: GET /api/v1/companies/public | User: Guest | IP: ::1"}
{"level":"info","message":"Request Completed: GET /api/v1/companies/public | Status: 304 | User: Guest"}
{"level":"info","message":"Incoming Request: GET /api/v1/companies/public | User: Guest | IP: ::1"}
{"level":"info","message":"Request Completed: GET /api/v1/companies/public | Status: 304 | User: Guest"}
{"level":"info","message":"Incoming Request: GET /api/v1/companies/public | User: Guest | IP: ::1"}
{"level":"info","message":"Request Completed: GET /api/v1/companies/public | Status: 304 | User: Guest"}
{"level":"info","message":"Incoming Request: GET /api/v1/companies/public/6960fae9b176dd307822d7e0 | User: Guest | IP: ::1"}
{"level":"info","message":"Request Completed: GET /api/v1/companies/public/6960fae9b176dd307822d7e0 | Status: 304 | User: Guest"}
{"level":"info","message":"Incoming Request: GET /api/v1/jobs/public/6960fae9b176dd307822d844 | User: Guest | IP: ::1"}
{"level":"info","message":"Request Completed: GET /api/v1/jobs/public/6960fae9b176dd307822d844 | Status: 304 | User: Guest"}
{"level":"info","message":"Incoming Request: GET /api/v1/jobs/public/6960fae9b176dd307822d844 | User: Guest | IP: ::1"}
{"level":"info","message":"Request Completed: GET /api/v1/jobs/public/6960fae9b176dd307822d844 | Status: 304 | User: Guest"}
{"level":"info","message":"Incoming Request: GET /api/v1/jobs/public/6960fae9b176dd307822d844 | User: Guest | IP: ::1"}
{"level":"info","message":"Request Completed: GET /api/v1/jobs/public/6960fae9b176dd307822d844 | Status: 304 | User: Guest"}
{"level":"info","message":"Incoming Request: GET /api/v1/companies/public/6960fae9b176dd307822d7e0 | User: Guest | IP: ::1"}
{"level":"info","message":"Request Completed: GET /api/v1/companies/public/6960fae9b176dd307822d7e0 | Status: 304 | User: Guest"}
{"level":"info","message":"Incoming Request: GET /api/v1/jobs/public/6960fae9b176dd307822d844 | User: Guest | IP: ::1"}
{"level":"info","message":"Request Completed: GET /api/v1/jobs/public/6960fae9b176dd307822d844 | Status: 304 | User: Guest"}
{"level":"info","message":"Incoming Request: GET /api/v1/companies/public/6960fae9b176dd307822d7e0 | User: Guest | IP: ::1"}
{"level":"info","message":"Request Completed: GET /api/v1/companies/public/6960fae9b176dd307822d7e0 | Status: 304 | User: Guest"}
{"level":"info","message":"Incoming Request: GET /api/v1/companies/public | User: Guest | IP: ::1"}
{"level":"info","message":"Request Completed: GET /api/v1/companies/public | Status: 304 | User: Guest"}
{"level":"info","message":"Incoming Request: GET /api/v1/companies/public/6960fae9b176dd307822d7da | User: Guest | IP: ::1"}
{"level":"info","message":"Request Completed: GET /api/v1/companies/public/6960fae9b176dd307822d7da | Status: 200 | User: Guest"}
{"level":"info","message":"Incoming Request: GET /api/v1/jobs/public/6960fae9b176dd307822d820 | User: Guest | IP: ::1"}
{"level":"info","message":"Request Completed: GET /api/v1/jobs/public/6960fae9b176dd307822d820 | Status: 200 | User: Guest"}
{"level":"info","message":"Incoming Request: GET /api/v1/companies/public/6960fae9b176dd307822d7da | User: Guest | IP: ::1"}
{"level":"info","message":"Request Completed: GET /api/v1/companies/public/6960fae9b176dd307822d7da | Status: 304 | User: Guest"}
{"level":"info","message":"Incoming Request: GET /api/v1/jobs/public/6960fae9b176dd307822d81e | User: Guest | IP: ::1"}
{"level":"info","message":"Request Completed: GET /api/v1/jobs/public/6960fae9b176dd307822d81e | Status: 200 | User: Guest"}
{"level":"info","message":"Incoming Request: GET /api/v1/jobs/public? | User: Guest | IP: ::1"}
{"level":"info","message":"Incoming Request: GET /api/v1/companies/public | User: Guest | IP: ::1"}
{"level":"info","message":"Request Completed: GET /api/v1/companies/public | Status: 304 | User: Guest"}
{"level":"info","message":"Request Completed: GET /api/v1/jobs/public? | Status: 304 | User: Guest"}
{"level":"info","message":"Incoming Request: GET /api/v1/jobs/public?keyword=&location=&jobType=&page=1 | User: Guest | IP: ::1"}
{"level":"info","message":"Request Completed: GET /api/v1/jobs/public?keyword=&location=&jobType=&page=1 | Status: 304 | User: Guest"}
{"level":"info","message":"Incoming Request: GET /api/v1/companies/public/6960fae9b176dd307822d7da | User: Guest | IP: ::1"}
{"level":"info","message":"Request Completed: GET /api/v1/companies/public/6960fae9b176dd307822d7da | Status: 304 | User: Guest"}
{"level":"info","message":"Incoming Request: GET /api/v1/jobs/public/6960fae9b176dd307822d820 | User: Guest | IP: ::1"}
{"level":"info","message":"Request Completed: GET /api/v1/jobs/public/6960fae9b176dd307822d820 | Status: 304 | User: Guest"}
{"level":"info","message":"Incoming Request: GET /api/v1/jobs/public/6960fae9b176dd307822d820 | User: Guest | IP: ::1"}
{"level":"info","message":"Request Completed: GET /api/v1/jobs/public/6960fae9b176dd307822d820 | Status: 304 | User: Guest"}
{"level":"info","message":"Incoming Request: GET /api/v1/jobs/public? | User: Guest | IP: ::1"}
{"level":"info","message":"Incoming Request: GET /api/v1/companies/public | User: Guest | IP: ::1"}
{"level":"info","message":"Request Completed: GET /api/v1/companies/public | Status: 304 | User: Guest"}
{"level":"info","message":"Request Completed: GET /api/v1/jobs/public? | Status: 304 | User: Guest"}
{"level":"info","message":"Incoming Request: POST /api/v1/users/login | User: Guest | IP: ::1"}
{"level":"info","message":"Request Completed: POST /api/v1/users/login | Status: 200 | User: Guest"}
{"level":"info","message":"Incoming Request: GET /api/v1/chats | User: Guest | IP: ::1"}
{"level":"info","message":"Request Completed: GET /api/v1/chats | Status: 304 | User: Guest"}
{"level":"info","message":"Incoming Request: GET /api/v1/recruiter-dashboard/stats | User: Guest | IP: ::1"}
{"level":"info","message":"Incoming Request: GET /api/v1/recruiter-dashboard/recent-applicants | User: Guest | IP: ::1"}
{"level":"info","message":"Incoming Request: GET /api/v1/jobs | User: Guest | IP: ::1"}
{"level":"info","message":"Request Completed: GET /api/v1/recruiter-dashboard/recent-applicants | Status: 200 | User: Guest"}
{"level":"info","message":"Request Completed: GET /api/v1/jobs | Status: 200 | User: Guest"}
{"level":"info","message":"Request Completed: GET /api/v1/recruiter-dashboard/stats | Status: 200 | User: Guest"}
{"level":"info","message":"Incoming Request: GET /api/v1/companies | User: Guest | IP: ::1"}
{"level":"info","message":"Request Completed: GET /api/v1/companies | Status: 200 | User: Guest"}
{"level":"info","message":"Incoming Request: GET /api/v1/chats | User: Guest | IP: ::1"}
{"level":"info","message":"Request Completed: GET /api/v1/chats | Status: 304 | User: Guest"}
{"level":"info","message":"Incoming Request: GET /api/v1/chats | User: Guest | IP: ::1"}
{"level":"info","message":"Request Completed: GET /api/v1/chats | Status: 304 | User: Guest"}
{"level":"info","message":"Incoming Request: GET /api/v1/interviews/my-interviews | User: Guest | IP: ::1"}
{"level":"info","message":"Request Completed: GET /api/v1/interviews/my-interviews | Status: 200 | User: Guest"}
{"level":"info","message":"Incoming Request: POST /api/v1/users/login | User: Guest | IP: ::1"}
{"level":"info","message":"Request Completed: POST /api/v1/users/login | Status: 200 | User: Guest"}
{"level":"info","message":"Incoming Request: GET /api/v1/chats | User: Guest | IP: ::1"}
{"level":"info","message":"Request Completed: GET /api/v1/chats | Status: 304 | User: Guest"}
{"level":"info","message":"Incoming Request: POST /api/v1/users/login | User: Guest | IP: ::1"}
{"level":"info","message":"Request Completed: POST /api/v1/users/login | Status: 200 | User: Guest"}
{"level":"info","message":"Incoming Request: GET /api/v1/chats | User: Guest | IP: ::1"}
{"level":"info","message":"Request Completed: GET /api/v1/chats | Status: 304 | User: Guest"}
{"level":"info","message":"Incoming Request: GET /api/v1/companies | User: Guest | IP: ::1"}
{"level":"info","message":"Request Completed: GET /api/v1/companies | Status: 304 | User: Guest"}
{"level":"info","message":"Incoming Request: GET /api/v1/chats | User: Guest | IP: ::1"}
{"level":"info","message":"Request Completed: GET /api/v1/chats | Status: 304 | User: Guest"}
{"level":"info","message":"Incoming Request: GET /api/v1/interviews/my-interviews | User: Guest | IP: ::1"}
{"level":"info","message":"Request Completed: GET /api/v1/interviews/my-interviews | Status: 304 | User: Guest"}
{"level":"info","message":"Incoming Request: GET /api/v1/recruiter-dashboard/stats | User: Guest | IP: ::1"}
{"level":"info","message":"Incoming Request: GET /api/v1/recruiter-dashboard/recent-applicants | User: Guest | IP: ::1"}
{"level":"info","message":"Incoming Request: GET /api/v1/jobs | User: Guest | IP: ::1"}
{"level":"info","message":"Request Completed: GET /api/v1/recruiter-dashboard/recent-applicants | Status: 304 | User: Guest"}
{"level":"info","message":"Request Completed: GET /api/v1/jobs | Status: 304 | User: Guest"}
{"level":"info","message":"Request Completed: GET /api/v1/recruiter-dashboard/stats | Status: 304 | User: Guest"}
{"level":"info","message":"Incoming Request: GET /api/v1/recruiter-dashboard/stats | User: Guest | IP: ::1"}
{"level":"info","message":"Incoming Request: GET /api/v1/recruiter-dashboard/recent-applicants | User: Guest | IP: ::1"}
{"level":"info","message":"Incoming Request: GET /api/v1/jobs | User: Guest | IP: ::1"}
{"level":"info","message":"Request Completed: GET /api/v1/recruiter-dashboard/recent-applicants | Status: 304 | User: Guest"}
{"level":"info","message":"Request Completed: GET /api/v1/jobs | Status: 304 | User: Guest"}
{"level":"info","message":"Request Completed: GET /api/v1/recruiter-dashboard/stats | Status: 304 | User: Guest"}
{"level":"info","message":"Incoming Request: GET /api/v1/recruiter-dashboard/stats | User: Guest | IP: ::1"}
{"level":"info","message":"Incoming Request: GET /api/v1/recruiter-dashboard/recent-applicants | User: Guest | IP: ::1"}
{"level":"info","message":"Incoming Request: GET /api/v1/jobs | User: Guest | IP: ::1"}
{"level":"info","message":"Request Completed: GET /api/v1/recruiter-dashboard/recent-applicants | Status: 304 | User: Guest"}
{"level":"info","message":"Request Completed: GET /api/v1/jobs | Status: 304 | User: Guest"}
{"level":"info","message":"Request Completed: GET /api/v1/recruiter-dashboard/stats | Status: 304 | User: Guest"}
{"level":"info","message":"Incoming Request: GET /api/v1/recruiter-dashboard/stats | User: Guest | IP: ::1"}
{"level":"info","message":"Incoming Request: GET /api/v1/recruiter-dashboard/recent-applicants | User: Guest | IP: ::1"}
{"level":"info","message":"Incoming Request: GET /api/v1/jobs | User: Guest | IP: ::1"}
{"level":"info","message":"Request Completed: GET /api/v1/recruiter-dashboard/recent-applicants | Status: 304 | User: Guest"}
{"level":"info","message":"Request Completed: GET /api/v1/jobs | Status: 304 | User: Guest"}
{"level":"info","message":"Request Completed: GET /api/v1/recruiter-dashboard/stats | Status: 304 | User: Guest"}
{"level":"info","message":"Incoming Request: GET /api/v1/recruiter-dashboard/stats | User: Guest | IP: ::1"}
{"level":"info","message":"Incoming Request: GET /api/v1/recruiter-dashboard/recent-applicants | User: Guest | IP: ::1"}
{"level":"info","message":"Incoming Request: GET /api/v1/jobs | User: Guest | IP: ::1"}
{"level":"info","message":"Request Completed: GET /api/v1/jobs | Status: 304 | User: Guest"}
{"level":"info","message":"Request Completed: GET /api/v1/recruiter-dashboard/recent-applicants | Status: 304 | User: Guest"}
{"level":"info","message":"Request Completed: GET /api/v1/recruiter-dashboard/stats | Status: 304 | User: Guest"}
{"level":"info","message":"Incoming Request: GET /api/v1/chats | User: Guest | IP: ::1"}
{"level":"info","message":"Incoming Request: GET /api/v1/jobs/public? | User: Guest | IP: ::1"}
{"level":"info","message":"Incoming Request: GET /api/v1/companies/public | User: Guest | IP: ::1"}
{"level":"info","message":"Request Completed: GET /api/v1/companies/public | Status: 304 | User: Guest"}
{"level":"info","message":"Request Completed: GET /api/v1/chats | Status: 304 | User: Guest"}
{"level":"info","message":"Request Completed: GET /api/v1/jobs/public? | Status: 304 | User: Guest"}
{"level":"info","message":"Incoming Request: GET /api/v1/companies | User: Guest | IP: ::1"}
{"level":"info","message":"Request Completed: GET /api/v1/companies | Status: 304 | User: Guest"}
{"level":"info","message":"Incoming Request: GET /api/v1/jobs | User: Guest | IP: ::1"}
{"level":"info","message":"Request Completed: GET /api/v1/jobs | Status: 304 | User: Guest"}
{"level":"info","message":"Incoming Request: GET /api/v1/recruiter-dashboard/stats | User: Guest | IP: ::1"}
{"level":"info","message":"Incoming Request: GET /api/v1/recruiter-dashboard/recent-applicants | User: Guest | IP: ::1"}
{"level":"info","message":"Request Completed: GET /api/v1/recruiter-dashboard/recent-applicants | Status: 304 | User: Guest"}
{"level":"info","message":"Request Completed: GET /api/v1/recruiter-dashboard/stats | Status: 304 | User: Guest"}
{"level":"info","message":"Incoming Request: GET /api/v1/companies | User: Guest | IP: ::1"}
{"level":"info","message":"Request Completed: GET /api/v1/companies | Status: 304 | User: Guest"}
{"level":"info","message":"Incoming Request: GET /api/v1/interviews/my-interviews | User: Guest | IP: ::1"}
{"level":"info","message":"Incoming Request: GET /api/v1/chats | User: Guest | IP: ::1"}
{"level":"info","message":"Request Completed: GET /api/v1/interviews/my-interviews | Status: 304 | User: Guest"}
{"level":"info","message":"Request Completed: GET /api/v1/chats | Status: 304 | User: Guest"}
{"level":"info","message":"Incoming Request: GET /api/v1/jobs/public? | User: Guest | IP: ::1"}
{"level":"info","message":"Incoming Request: GET /api/v1/companies/public | User: Guest | IP: ::1"}
{"level":"info","message":"Request Completed: GET /api/v1/companies/public | Status: 304 | User: Guest"}
{"level":"info","message":"Request Completed: GET /api/v1/jobs/public? | Status: 304 | User: Guest"}
{"level":"info","message":"Incoming Request: GET /api/v1/jobs/public?keyword=&location=&jobType=&page=1 | User: Guest | IP: ::1"}
{"level":"info","message":"Request Completed: GET /api/v1/jobs/public?keyword=&location=&jobType=&page=1 | Status: 304 | User: Guest"}
{"level":"info","message":"Incoming Request: GET /api/v1/jobs/public/6960fae9b176dd307822d7fe | User: Guest | IP: ::1"}
{"level":"info","message":"Request Completed: GET /api/v1/jobs/public/6960fae9b176dd307822d7fe | Status: 200 | User: Guest"}
{"level":"info","message":"Incoming Request: GET /api/v1/companies/public/6960fae9b176dd307822d7ec | User: Guest | IP: ::1"}
{"level":"info","message":"Request Completed: GET /api/v1/companies/public/6960fae9b176dd307822d7ec | Status: 200 | User: Guest"}
{"level":"info","message":"Incoming Request: GET /api/v1/jobs/public/6960fae9b176dd307822d88a | User: Guest | IP: ::1"}
{"level":"info","message":"Request Completed: GET /api/v1/jobs/public/6960fae9b176dd307822d88a | Status: 200 | User: Guest"}
{"level":"info","message":"Incoming Request: POST /api/v1/users/login | User: Guest | IP: ::1"}
{"level":"info","message":"Request Completed: POST /api/v1/users/login | Status: 200 | User: Guest"}
{"level":"info","message":"Incoming Request: GET /api/v1/companies | User: Guest | IP: ::1"}
{"level":"info","message":"Request Completed: GET /api/v1/companies | Status: 304 | User: Guest"}
{"level":"info","message":"Incoming Request: GET /api/v1/jobs/public? | User: Guest | IP: ::1"}
{"level":"info","message":"Incoming Request: GET /api/v1/companies/public | User: Guest | IP: ::1"}
{"level":"info","message":"Request Completed: GET /api/v1/companies/public | Status: 200 | User: Guest"}
{"level":"info","message":"Request Completed: GET /api/v1/jobs/public? | Status: 200 | User: Guest"}
{"level":"info","message":"Incoming Request: POST /api/v1/users/login | User: Guest | IP: ::1"}
{"level":"info","message":"Request Completed: POST /api/v1/users/login | Status: 200 | User: Guest"}
{"level":"info","message":"Incoming Request: GET /api/v1/chats | User: Guest | IP: ::1"}
{"level":"info","message":"Request Completed: GET /api/v1/chats | Status: 304 | User: Guest"}
{"level":"info","message":"Incoming Request: GET /api/v1/recruiter-dashboard/stats | User: Guest | IP: ::1"}
{"level":"info","message":"Incoming Request: GET /api/v1/recruiter-dashboard/recent-applicants | User: Guest | IP: ::1"}
{"level":"info","message":"Incoming Request: GET /api/v1/jobs | User: Guest | IP: ::1"}
{"level":"info","message":"Request Completed: GET /api/v1/recruiter-dashboard/recent-applicants | Status: 304 | User: Guest"}
{"level":"info","message":"Request Completed: GET /api/v1/jobs | Status: 304 | User: Guest"}
{"level":"info","message":"Request Completed: GET /api/v1/recruiter-dashboard/stats | Status: 304 | User: Guest"}
{"level":"info","message":"Incoming Request: GET /api/v1/companies | User: Guest | IP: ::1"}
{"level":"info","message":"Request Completed: GET /api/v1/companies | Status: 304 | User: Guest"}
{"level":"info","message":"Incoming Request: GET /api/v1/jobs/6960fae9b176dd307822d7fe | User: Guest | IP: ::1"}
{"level":"error","message":"Request Failed: GET /api/v1/jobs/6960fae9b176dd307822d7fe | Status: 404 | User: Guest"}
{"level":"info","message":"Incoming Request: GET /api/v1/recruiter-dashboard/stats | User: Guest | IP: ::1"}
{"level":"info","message":"Incoming Request: GET /api/v1/recruiter-dashboard/recent-applicants | User: Guest | IP: ::1"}
{"level":"info","message":"Incoming Request: GET /api/v1/jobs | User: Guest | IP: ::1"}
{"level":"info","message":"Request Completed: GET /api/v1/recruiter-dashboard/recent-applicants | Status: 304 | User: Guest"}
{"level":"info","message":"Request Completed: GET /api/v1/jobs | Status: 304 | User: Guest"}
{"level":"info","message":"Request Completed: GET /api/v1/recruiter-dashboard/stats | Status: 304 | User: Guest"}
{"level":"info","message":"Incoming Request: GET /api/v1/chats | User: Guest | IP: ::1"}
{"level":"info","message":"Request Completed: GET /api/v1/chats | Status: 304 | User: Guest"}
{"level":"info","message":"Incoming Request: GET /api/v1/interviews/my-interviews | User: Guest | IP: ::1"}
{"level":"info","message":"Request Completed: GET /api/v1/interviews/my-interviews | Status: 304 | User: Guest"}
{"level":"info","message":"Incoming Request: GET /api/v1/recruiter-dashboard/stats | User: Guest | IP: ::1"}
{"level":"info","message":"Incoming Request: GET /api/v1/recruiter-dashboard/recent-applicants | User: Guest | IP: ::1"}
{"level":"info","message":"Incoming Request: GET /api/v1/jobs | User: Guest | IP: ::1"}
{"level":"info","message":"Request Completed: GET /api/v1/recruiter-dashboard/recent-applicants | Status: 200 | User: Guest"}
{"level":"info","message":"Request Completed: GET /api/v1/jobs | Status: 200 | User: Guest"}
{"level":"info","message":"Request Completed: GET /api/v1/recruiter-dashboard/stats | Status: 200 | User: Guest"}
{"level":"info","message":"Incoming Request: GET /api/v1/companies | User: Guest | IP: ::1"}
{"level":"info","message":"Request Completed: GET /api/v1/companies | Status: 200 | User: Guest"}
{"level":"info","message":"Incoming Request: GET /api/v1/recruiter-dashboard/stats | User: Guest | IP: ::1"}
{"level":"info","message":"Incoming Request: GET /api/v1/recruiter-dashboard/recent-applicants | User: Guest | IP: ::1"}
{"level":"info","message":"Incoming Request: GET /api/v1/jobs | User: Guest | IP: ::1"}
{"level":"info","message":"Request Completed: GET /api/v1/recruiter-dashboard/recent-applicants | Status: 304 | User: Guest"}
{"level":"info","message":"Request Completed: GET /api/v1/jobs | Status: 304 | User: Guest"}
{"level":"info","message":"Request Completed: GET /api/v1/recruiter-dashboard/stats | Status: 304 | User: Guest"}
{"level":"info","message":"Incoming Request: GET /api/v1/companies | User: Guest | IP: ::1"}
{"level":"info","message":"Request Completed: GET /api/v1/companies | Status: 304 | User: Guest"}
{"level":"info","message":"Incoming Request: GET /api/v1/companies | User: Guest | IP: ::1"}
{"level":"info","message":"Request Completed: GET /api/v1/companies | Status: 304 | User: Guest"}
{"level":"info","message":"Incoming Request: GET /api/v1/companies | User: Guest | IP: ::1"}
{"level":"info","message":"Request Completed: GET /api/v1/companies | Status: 304 | User: Guest"}
{"level":"info","message":"Incoming Request: GET /api/v1/recruiter-dashboard/stats | User: Guest | IP: ::1"}
{"level":"info","message":"Incoming Request: GET /api/v1/recruiter-dashboard/recent-applicants | User: Guest | IP: ::1"}
{"level":"info","message":"Incoming Request: GET /api/v1/jobs | User: Guest | IP: ::1"}
{"level":"info","message":"Request Completed: GET /api/v1/recruiter-dashboard/recent-applicants | Status: 304 | User: Guest"}
{"level":"info","message":"Request Completed: GET /api/v1/jobs | Status: 304 | User: Guest"}
{"level":"info","message":"Request Completed: GET /api/v1/recruiter-dashboard/stats | Status: 304 | User: Guest"}
{"level":"info","message":"Incoming Request: GET /api/v1/chats | User: Guest | IP: ::1"}
{"level":"info","message":"Request Completed: GET /api/v1/chats | Status: 200 | User: Guest"}
{"level":"info","message":"Incoming Request: GET /api/v1/interviews/my-interviews | User: Guest | IP: ::1"}
{"level":"info","message":"Request Completed: GET /api/v1/interviews/my-interviews | Status: 200 | User: Guest"}
{"level":"info","message":"Incoming Request: GET /api/v1/companies | User: Guest | IP: ::1"}
{"level":"info","message":"Request Completed: GET /api/v1/companies | Status: 304 | User: Guest"}
{"level":"info","message":"Incoming Request: GET /api/v1/companies | User: Guest | IP: ::1"}
{"level":"info","message":"Request Completed: GET /api/v1/companies | Status: 304 | User: Guest"}
{"level":"info","message":"Incoming Request: GET /api/v1/recruiter-dashboard/recent-applicants | User: Guest | IP: ::1"}
{"level":"info","message":"Incoming Request: GET /api/v1/jobs | User: Guest | IP: ::1"}
{"level":"info","message":"Incoming Request: GET /api/v1/recruiter-dashboard/stats | User: Guest | IP: ::1"}
{"level":"info","message":"Request Completed: GET /api/v1/jobs | Status: 304 | User: Guest"}
{"level":"info","message":"Request Completed: GET /api/v1/recruiter-dashboard/recent-applicants | Status: 304 | User: Guest"}
{"level":"info","message":"Request Completed: GET /api/v1/recruiter-dashboard/stats | Status: 304 | User: Guest"}
{"level":"info","message":"Incoming Request: GET /api/v1/jobs/public? | User: Guest | IP: ::1"}
{"level":"info","message":"Incoming Request: GET /api/v1/companies/public | User: Guest | IP: ::1"}
{"level":"info","message":"Request Completed: GET /api/v1/companies/public | Status: 200 | User: Guest"}
{"level":"info","message":"Request Completed: GET /api/v1/jobs/public? | Status: 200 | User: Guest"}
{"level":"info","message":"Incoming Request: POST /api/v1/users/login | User: Guest | IP: ::1"}
{"level":"info","message":"Request Completed: POST /api/v1/users/login | Status: 200 | User: Guest"}
{"level":"info","message":"Incoming Request: GET /api/v1/chats | User: Guest | IP: ::1"}
{"level":"info","message":"Request Completed: GET /api/v1/chats | Status: 304 | User: Guest"}
{"level":"info","message":"Incoming Request: GET /api/v1/chats | User: Guest | IP: ::1"}
{"level":"info","message":"Request Completed: GET /api/v1/chats | Status: 304 | User: Guest"}
{"level":"info","message":"Incoming Request: POST /api/v1/users/register | User: Guest | IP: ::1"}
{"level":"info","message":"Request Completed: POST /api/v1/users/register | Status: 201 | User: Guest"}
{"level":"info","message":"Incoming Request: POST /api/v1/users/login | User: Guest | IP: ::1"}
{"level":"info","message":"Request Completed: POST /api/v1/users/login | Status: 200 | User: Guest"}
{"level":"info","message":"Incoming Request: GET /api/v1/chats | User: Guest | IP: ::1"}
{"level":"info","message":"Request Completed: GET /api/v1/chats | Status: 304 | User: Guest"}
{"level":"info","message":"Incoming Request: GET /api/v1/recruiter-dashboard/stats | User: Guest | IP: ::1"}
{"level":"info","message":"Incoming Request: GET /api/v1/recruiter-dashboard/recent-applicants | User: Guest | IP: ::1"}
{"level":"info","message":"Incoming Request: GET /api/v1/jobs | User: Guest | IP: ::1"}
{"level":"info","message":"Request Completed: GET /api/v1/recruiter-dashboard/recent-applicants | Status: 304 | User: Guest"}
{"level":"info","message":"Request Completed: GET /api/v1/jobs | Status: 304 | User: Guest"}
{"level":"info","message":"Request Completed: GET /api/v1/recruiter-dashboard/stats | Status: 304 | User: Guest"}
{"level":"info","message":"Incoming Request: GET /api/v1/companies | User: Guest | IP: ::1"}
{"level":"info","message":"Request Completed: GET /api/v1/companies | Status: 304 | User: Guest"}
{"level":"info","message":"Incoming Request: POST /api/v1/users/register | User: Guest | IP: ::1"}
{"level":"info","message":"Request Completed: POST /api/v1/users/register | Status: 201 | User: Guest"}
{"level":"info","message":"Incoming Request: GET /api/v1/jobs/public? | User: Guest | IP: ::1"}
{"level":"info","message":"Incoming Request: GET /api/v1/companies/public | User: Guest | IP: ::1"}
{"level":"info","message":"Request Completed: GET /api/v1/companies/public | Status: 304 | User: Guest"}
{"level":"info","message":"Request Completed: GET /api/v1/jobs/public? | Status: 304 | User: Guest"}
{"level":"info","message":"Incoming Request: GET /api/v1/jobs/public? | User: Guest | IP: ::1"}
{"level":"info","message":"Incoming Request: GET /api/v1/companies/public | User: Guest | IP: ::1"}
{"level":"info","message":"Request Completed: GET /api/v1/companies/public | Status: 304 | User: Guest"}
{"level":"info","message":"Request Completed: GET /api/v1/jobs/public? | Status: 304 | User: Guest"}
{"level":"info","message":"Incoming Request: GET /api/v1/jobs/public?keyword=&location=&jobType=&page=1 | User: Guest | IP: ::1"}
{"level":"info","message":"Request Completed: GET /api/v1/jobs/public?keyword=&location=&jobType=&page=1 | Status: 200 | User: Guest"}
{"level":"info","message":"Incoming Request: GET /api/v1/jobs/public/6960fae9b176dd307822d7fe | User: Guest | IP: ::1"}
{"level":"info","message":"Request Completed: GET /api/v1/jobs/public/6960fae9b176dd307822d7fe | Status: 200 | User: Guest"}
{"level":"info","message":"Incoming Request: GET /api/v1/companies/public | User: Guest | IP: ::1"}
{"level":"info","message":"Request Completed: GET /api/v1/companies/public | Status: 304 | User: Guest"}
{"level":"info","message":"Incoming Request: GET /api/v1/jobs/public? | User: Guest | IP: ::1"}
{"level":"info","message":"Incoming Request: GET /api/v1/companies/public | User: Guest | IP: ::1"}
{"level":"info","message":"Request Completed: GET /api/v1/companies/public | Status: 304 | User: Guest"}
{"level":"info","message":"Request Completed: GET /api/v1/jobs/public? | Status: 304 | User: Guest"}
{"level":"info","message":"Incoming Request: GET /api/v1/jobs/public? | User: Guest | IP: ::1"}
{"level":"info","message":"Incoming Request: GET /api/v1/companies/public | User: Guest | IP: ::1"}
{"level":"info","message":"Request Completed: GET /api/v1/companies/public | Status: 304 | User: Guest"}
{"level":"info","message":"Request Completed: GET /api/v1/jobs/public? | Status: 304 | User: Guest"}
{"level":"info","message":"Incoming Request: GET /api/v1/jobs/public? | User: Guest | IP: ::1"}
{"level":"info","message":"Incoming Request: GET /api/v1/companies/public | User: Guest | IP: ::1"}
{"level":"info","message":"Request Completed: GET /api/v1/companies/public | Status: 304 | User: Guest"}
{"level":"info","message":"Request Completed: GET /api/v1/jobs/public? | Status: 304 | User: Guest"}
{"level":"info","message":"Incoming Request: POST /api/v1/users/login | User: Guest | IP: ::1"}
{"level":"info","message":"Request Completed: POST /api/v1/users/login | Status: 200 | User: Guest"}
{"level":"info","message":"Incoming Request: GET /api/v1/chats | User: Guest | IP: ::1"}
{"level":"info","message":"Request Completed: GET /api/v1/chats | Status: 304 | User: Guest"}
{"level":"info","message":"Incoming Request: GET /api/v1/recruiter-dashboard/stats | User: Guest | IP: ::1"}
{"level":"info","message":"Incoming Request: GET /api/v1/recruiter-dashboard/recent-applicants | User: Guest | IP: ::1"}
{"level":"info","message":"Incoming Request: GET /api/v1/jobs | User: Guest | IP: ::1"}
{"level":"info","message":"Request Completed: GET /api/v1/recruiter-dashboard/stats | Status: 304 | User: Guest"}
{"level":"info","message":"Request Completed: GET /api/v1/jobs | Status: 304 | User: Guest"}
{"level":"info","message":"Request Completed: GET /api/v1/recruiter-dashboard/recent-applicants | Status: 304 | User: Guest"}
{"level":"info","message":"Incoming Request: GET /api/v1/jobs/public? | User: Guest | IP: ::1"}
{"level":"info","message":"Incoming Request: GET /api/v1/companies/public | User: Guest | IP: ::1"}
{"level":"info","message":"Request Completed: GET /api/v1/companies/public | Status: 304 | User: Guest"}
{"level":"info","message":"Request Completed: GET /api/v1/jobs/public? | Status: 304 | User: Guest"}
{"level":"info","message":"Incoming Request: GET /api/v1/jobs/public? | User: Guest | IP: ::1"}
{"level":"info","message":"Incoming Request: GET /api/v1/companies/public | User: Guest | IP: ::1"}
{"level":"info","message":"Request Completed: GET /api/v1/companies/public | Status: 304 | User: Guest"}
{"level":"info","message":"Request Completed: GET /api/v1/jobs/public? | Status: 304 | User: Guest"}
{"level":"info","message":"Incoming Request: GET /api/v1/jobs/public? | User: Guest | IP: ::1"}
{"level":"info","message":"Incoming Request: GET /api/v1/companies/public | User: Guest | IP: ::1"}
{"level":"info","message":"Request Completed: GET /api/v1/companies/public | Status: 304 | User: Guest"}
{"level":"info","message":"Request Completed: GET /api/v1/jobs/public? | Status: 304 | User: Guest"}
{"level":"info","message":"Incoming Request: GET /api/v1/jobs/public? | User: Guest | IP: ::1"}
{"level":"info","message":"Incoming Request: GET /api/v1/companies/public | User: Guest | IP: ::1"}
{"level":"info","message":"Request Completed: GET /api/v1/companies/public | Status: 200 | User: Guest"}
{"level":"info","message":"Request Completed: GET /api/v1/jobs/public? | Status: 200 | User: Guest"}
{"level":"info","message":"Incoming Request: GET /api/v1/jobs/public? | User: Guest | IP: ::1"}
{"level":"info","message":"Incoming Request: GET /api/v1/companies/public | User: Guest | IP: ::1"}
{"level":"info","message":"Request Completed: GET /api/v1/companies/public | Status: 304 | User: Guest"}
{"level":"info","message":"Request Completed: GET /api/v1/jobs/public? | Status: 304 | User: Guest"}
{"level":"info","message":"Incoming Request: GET /api/v1/jobs/public?keyword=&location=&jobType=&page=1 | User: Guest | IP: ::1"}
{"level":"info","message":"Request Completed: GET /api/v1/jobs/public?keyword=&location=&jobType=&page=1 | Status: 304 | User: Guest"}
{"level":"info","message":"Incoming Request: GET /api/v1/companies/public | User: Guest | IP: ::1"}
{"level":"info","message":"Request Completed: GET /api/v1/companies/public | Status: 200 | User: Guest"}
{"level":"info","message":"Incoming Request: POST /api/v1/users/login | User: Guest | IP: ::1"}
{"level":"info","message":"Request Completed: POST /api/v1/users/login | Status: 200 | User: Guest"}
{"level":"info","message":"Incoming Request: GET /api/v1/chats | User: Guest | IP: ::1"}
{"level":"info","message":"Request Completed: GET /api/v1/chats | Status: 304 | User: Guest"}
{"level":"info","message":"Incoming Request: GET /api/v1/recruiter-dashboard/stats | User: Guest | IP: ::1"}
{"level":"info","message":"Incoming Request: GET /api/v1/recruiter-dashboard/recent-applicants | User: Guest | IP: ::1"}
{"level":"info","message":"Incoming Request: GET /api/v1/jobs | User: Guest | IP: ::1"}
{"level":"info","message":"Request Completed: GET /api/v1/recruiter-dashboard/recent-applicants | Status: 304 | User: Guest"}
{"level":"info","message":"Request Completed: GET /api/v1/jobs | Status: 304 | User: Guest"}
{"level":"info","message":"Request Completed: GET /api/v1/recruiter-dashboard/stats | Status: 304 | User: Guest"}
{"level":"info","message":"Incoming Request: GET /api/v1/recruiter-dashboard/stats | User: Guest | IP: ::1"}
{"level":"info","message":"Incoming Request: GET /api/v1/recruiter-dashboard/recent-applicants | User: Guest | IP: ::1"}
{"level":"info","message":"Incoming Request: GET /api/v1/jobs | User: Guest | IP: ::1"}
{"level":"info","message":"Request Completed: GET /api/v1/recruiter-dashboard/recent-applicants | Status: 304 | User: Guest"}
{"level":"info","message":"Request Completed: GET /api/v1/jobs | Status: 304 | User: Guest"}
{"level":"info","message":"Request Completed: GET /api/v1/recruiter-dashboard/stats | Status: 304 | User: Guest"}
{"level":"info","message":"Incoming Request: HEAD / | User: Guest | IP: ::1"}
{"level":"error","message":"Request Failed: HEAD / | Status: 404 | User: Guest"}
{"level":"info","message":"Incoming Request: GET /api/v1/recruiter-dashboard/stats | User: Guest | IP: ::1"}
{"level":"info","message":"Incoming Request: GET /api/v1/recruiter-dashboard/recent-applicants | User: Guest | IP: ::1"}
{"level":"info","message":"Incoming Request: GET /api/v1/jobs | User: Guest | IP: ::1"}
{"level":"info","message":"Request Completed: GET /api/v1/recruiter-dashboard/stats | Status: 304 | User: Guest"}
{"level":"info","message":"Request Completed: GET /api/v1/recruiter-dashboard/recent-applicants | Status: 304 | User: Guest"}
{"level":"info","message":"Request Completed: GET /api/v1/jobs | Status: 304 | User: Guest"}
{"level":"info","message":"Incoming Request: GET /api/v1/recruiter-dashboard/stats | User: Guest | IP: ::1"}
{"level":"info","message":"Incoming Request: GET /api/v1/recruiter-dashboard/recent-applicants | User: Guest | IP: ::1"}
{"level":"info","message":"Incoming Request: GET /api/v1/jobs | User: Guest | IP: ::1"}
{"level":"info","message":"Request Completed: GET /api/v1/recruiter-dashboard/recent-applicants | Status: 304 | User: Guest"}
{"level":"info","message":"Request Completed: GET /api/v1/recruiter-dashboard/stats | Status: 304 | User: Guest"}
{"level":"info","message":"Request Completed: GET /api/v1/jobs | Status: 304 | User: Guest"}
{"level":"info","message":"Incoming Request: GET /api/v1/jobs/public?keyword=&location=&jobType=&page=1 | User: Guest | IP: ::1"}
{"level":"info","message":"Request Completed: GET /api/v1/jobs/public?keyword=&location=&jobType=&page=1 | Status: 200 | User: Guest"}
{"level":"info","message":"Incoming Request: GET /api/v1/jobs/public?keyword=&location=&jobType=&page=1 | User: Guest | IP: ::1"}
{"level":"info","message":"Request Completed: GET /api/v1/jobs/public?keyword=&location=&jobType=&page=1 | Status: 304 | User: Guest"}
{"level":"info","message":"Incoming Request: GET /api/v1/jobs/public?keyword=&location=&jobType=&page=1 | User: Guest | IP: ::1"}
{"level":"info","message":"Request Completed: GET /api/v1/jobs/public?keyword=&location=&jobType=&page=1 | Status: 304 | User: Guest"}
{"level":"info","message":"Incoming Request: GET /api/v1/jobs/public? | User: Guest | IP: ::1"}
{"level":"info","message":"Incoming Request: GET /api/v1/companies/public | User: Guest | IP: ::1"}
{"level":"info","message":"Request Completed: GET /api/v1/companies/public | Status: 200 | User: Guest"}
{"level":"info","message":"Request Completed: GET /api/v1/jobs/public? | Status: 200 | User: Guest"}
{"level":"info","message":"Incoming Request: GET /api/v1/promotions/active | User: Guest | IP: ::1"}
{"level":"info","message":"Incoming Request: GET /api/v1/recruiter-dashboard/stats | User: Guest | IP: ::1"}
{"level":"info","message":"Incoming Request: GET /api/v1/recruiter-dashboard/recent-applicants | User: Guest | IP: ::1"}
{"level":"info","message":"Incoming Request: GET /api/v1/jobs | User: Guest | IP: ::1"}
{"level":"info","message":"Request Completed: GET /api/v1/promotions/active | Status: 200 | User: Guest"}
{"level":"info","message":"Request Completed: GET /api/v1/recruiter-dashboard/recent-applicants | Status: 200 | User: Guest"}
{"level":"info","message":"Request Completed: GET /api/v1/jobs | Status: 200 | User: Guest"}
{"level":"info","message":"Request Completed: GET /api/v1/recruiter-dashboard/stats | Status: 200 | User: Guest"}
{"level":"info","message":"Incoming Request: GET /api/v1/promotions/active | User: Guest | IP: ::1"}
{"level":"info","message":"Incoming Request: GET /api/v1/recruiter-dashboard/stats | User: Guest | IP: ::1"}
{"level":"info","message":"Request Completed: GET /api/v1/promotions/active | Status: 304 | User: Guest"}
{"level":"info","message":"Incoming Request: GET /api/v1/recruiter-dashboard/recent-applicants | User: Guest | IP: ::1"}
{"level":"info","message":"Incoming Request: GET /api/v1/jobs | User: Guest | IP: ::1"}
{"level":"info","message":"Request Completed: GET /api/v1/recruiter-dashboard/stats | Status: 304 | User: Guest"}
{"level":"info","message":"Request Completed: GET /api/v1/recruiter-dashboard/recent-applicants | Status: 304 | User: Guest"}
{"level":"info","message":"Request Completed: GET /api/v1/jobs | Status: 304 | User: Guest"}
{"level":"info","message":"Incoming Request: GET /api/v1/jobs/public?keyword=&location=&jobType=&page=1 | User: Guest | IP: ::1"}
{"level":"info","message":"Request Completed: GET /api/v1/jobs/public?keyword=&location=&jobType=&page=1 | Status: 200 | User: Guest"}
{"level":"info","message":"Incoming Request: GET /api/v1/jobs/public?keyword=&location=&jobType=&page=1 | User: Guest | IP: ::1"}
{"level":"info","message":"Request Completed: GET /api/v1/jobs/public?keyword=&location=&jobType=&page=1 | Status: 304 | User: Guest"}
{"level":"info","message":"Incoming Request: GET /api/v1/jobs/public?keyword=&location=&jobType=&page=1 | User: Guest | IP: ::1"}
{"level":"info","message":"Request Completed: GET /api/v1/jobs/public?keyword=&location=&jobType=&page=1 | Status: 304 | User: Guest"}
{"level":"info","message":"Incoming Request: POST /api/v1/promotions/checkout-session | User: Guest | IP: ::1"}
{"level":"error","message":"Request Failed: POST /api/v1/promotions/checkout-session | Status: 400 | User: Guest"}
{"level":"info","message":"Incoming Request: GET /api/v1/promotions/active | User: Guest | IP: ::1"}
{"level":"info","message":"Incoming Request: GET /api/v1/recruiter-dashboard/stats | User: Guest | IP: ::1"}
{"level":"info","message":"Incoming Request: GET /api/v1/recruiter-dashboard/recent-applicants | User: Guest | IP: ::1"}
{"level":"info","message":"Incoming Request: GET /api/v1/jobs | User: Guest | IP: ::1"}
{"level":"info","message":"Request Completed: GET /api/v1/promotions/active | Status: 200 | User: Guest"}
{"level":"info","message":"Request Completed: GET /api/v1/recruiter-dashboard/recent-applicants | Status: 304 | User: Guest"}
{"level":"info","message":"Request Completed: GET /api/v1/jobs | Status: 304 | User: Guest"}
{"level":"info","message":"Request Completed: GET /api/v1/recruiter-dashboard/stats | Status: 304 | User: Guest"}
{"level":"info","message":"Incoming Request: POST /api/v1/promotions/checkout-session | User: Guest | IP: ::1"}
{"level":"error","message":"Request Failed: POST /api/v1/promotions/checkout-session | Status: 400 | User: Guest"}
{"level":"info","message":"Incoming Request: GET /api/v1/promotions/active | User: Guest | IP: ::1"}
{"level":"info","message":"Incoming Request: GET /api/v1/recruiter-dashboard/stats | User: Guest | IP: ::1"}
{"level":"info","message":"Incoming Request: GET /api/v1/recruiter-dashboard/recent-applicants | User: Guest | IP: ::1"}
{"level":"info","message":"Incoming Request: GET /api/v1/jobs | User: Guest | IP: ::1"}
{"level":"info","message":"Request Completed: GET /api/v1/promotions/active | Status: 200 | User: Guest"}
{"level":"info","message":"Request Completed: GET /api/v1/recruiter-dashboard/recent-applicants | Status: 304 | User: Guest"}
{"level":"info","message":"Request Completed: GET /api/v1/jobs | Status: 304 | User: Guest"}
{"level":"info","message":"Request Completed: GET /api/v1/recruiter-dashboard/stats | Status: 304 | User: Guest"}
{"level":"info","message":"Incoming Request: POST /api/v1/promotions/checkout-session | User: Guest | IP: ::1"}
{"level":"error","message":"Request Failed: POST /api/v1/promotions/checkout-session | Status: 400 | User: Guest"}
{"level":"info","message":"Incoming Request: GET /api/v1/jobs/public?keyword=&location=&jobType=&page=1 | User: Guest | IP: ::1"}
{"level":"info","message":"Request Completed: GET /api/v1/jobs/public?keyword=&location=&jobType=&page=1 | Status: 304 | User: Guest"}
{"level":"info","message":"Incoming Request: GET /api/v1/jobs/public?keyword=&location=&jobType=&page=1 | User: Guest | IP: ::1"}
{"level":"info","message":"Request Completed: GET /api/v1/jobs/public?keyword=&location=&jobType=&page=1 | Status: 304 | User: Guest"}
{"level":"info","message":"Incoming Request: GET /api/v1/jobs/public?keyword=&location=&jobType=&page=1 | User: Guest | IP: ::1"}
{"level":"info","message":"Request Completed: GET /api/v1/jobs/public?keyword=&location=&jobType=&page=1 | Status: 304 | User: Guest"}
{"level":"info","message":"Incoming Request: GET /api/v1/promotions/active | User: Guest | IP: ::1"}
{"level":"info","message":"Incoming Request: GET /api/v1/recruiter-dashboard/stats | User: Guest | IP: ::1"}
{"level":"info","message":"Incoming Request: GET /api/v1/recruiter-dashboard/recent-applicants | User: Guest | IP: ::1"}
{"level":"info","message":"Incoming Request: GET /api/v1/jobs | User: Guest | IP: ::1"}
{"level":"info","message":"Request Completed: GET /api/v1/promotions/active | Status: 200 | User: Guest"}
{"level":"info","message":"Request Completed: GET /api/v1/recruiter-dashboard/recent-applicants | Status: 304 | User: Guest"}
{"level":"info","message":"Request Completed: GET /api/v1/jobs | Status: 304 | User: Guest"}
{"level":"info","message":"Request Completed: GET /api/v1/recruiter-dashboard/stats | Status: 304 | User: Guest"}
{"level":"info","message":"Incoming Request: POST /api/v1/promotions/checkout-session | User: Guest | IP: ::1"}
{"level":"error","message":"Request Failed: POST /api/v1/promotions/checkout-session | Status: 400 | User: Guest"}
{"level":"info","message":"Incoming Request: POST /api/v1/promotions/checkout-session | User: Guest | IP: ::1"}
{"level":"error","message":"Request Failed: POST /api/v1/promotions/checkout-session | Status: 400 | User: Guest"}
{"level":"info","message":"Incoming Request: POST /api/v1/promotions/checkout-session | User: Guest | IP: ::1"}
{"level":"error","message":"Request Failed: POST /api/v1/promotions/checkout-session | Status: 400 | User: Guest"}
{"level":"info","message":"Incoming Request: GET /api/v1/promotions/active | User: Guest | IP: ::1"}
{"level":"info","message":"Incoming Request: GET /api/v1/recruiter-dashboard/stats | User: Guest | IP: ::1"}
{"level":"info","message":"Incoming Request: GET /api/v1/recruiter-dashboard/recent-applicants | User: Guest | IP: ::1"}
{"level":"info","message":"Incoming Request: GET /api/v1/jobs | User: Guest | IP: ::1"}
{"level":"info","message":"Request Completed: GET /api/v1/promotions/active | Status: 200 | User: Guest"}
{"level":"info","message":"Request Completed: GET /api/v1/recruiter-dashboard/recent-applicants | Status: 304 | User: Guest"}
{"level":"info","message":"Request Completed: GET /api/v1/jobs | Status: 304 | User: Guest"}
{"level":"info","message":"Request Completed: GET /api/v1/recruiter-dashboard/stats | Status: 304 | User: Guest"}
{"level":"info","message":"Incoming Request: POST /api/v1/promotions/checkout-session | User: Guest | IP: ::1"}
{"level":"error","message":"Request Failed: POST /api/v1/promotions/checkout-session | Status: 400 | User: Guest"}
{"level":"info","message":"Incoming Request: GET /api/v1/promotions/active | User: Guest | IP: ::1"}
{"level":"info","message":"Incoming Request: GET /api/v1/recruiter-dashboard/stats | User: Guest | IP: ::1"}
{"level":"info","message":"Incoming Request: GET /api/v1/recruiter-dashboard/recent-applicants | User: Guest | IP: ::1"}
{"level":"info","message":"Incoming Request: GET /api/v1/jobs | User: Guest | IP: ::1"}
{"level":"info","message":"Request Completed: GET /api/v1/promotions/active | Status: 200 | User: Guest"}
{"level":"info","message":"Request Completed: GET /api/v1/recruiter-dashboard/recent-applicants | Status: 304 | User: Guest"}
{"level":"info","message":"Request Completed: GET /api/v1/jobs | Status: 304 | User: Guest"}
{"level":"info","message":"Request Completed: GET /api/v1/recruiter-dashboard/stats | Status: 304 | User: Guest"}
{"level":"info","message":"Incoming Request: GET /api/v1/jobs/public?keyword=&location=&jobType=&page=1 | User: Guest | IP: ::1"}
{"level":"info","message":"Request Completed: GET /api/v1/jobs/public?keyword=&location=&jobType=&page=1 | Status: 304 | User: Guest"}
{"level":"info","message":"Incoming Request: GET /api/v1/jobs/public?keyword=&location=&jobType=&page=1 | User: Guest | IP: ::1"}
{"level":"info","message":"Request Completed: GET /api/v1/jobs/public?keyword=&location=&jobType=&page=1 | Status: 304 | User: Guest"}
{"level":"info","message":"Incoming Request: GET /api/v1/jobs/public?keyword=&location=&jobType=&page=1 | User: Guest | IP: ::1"}
{"level":"info","message":"Request Completed: GET /api/v1/jobs/public?keyword=&location=&jobType=&page=1 | Status: 304 | User: Guest"}
{"level":"info","message":"Incoming Request: POST /api/v1/promotions/checkout-session | User: Guest | IP: ::1"}
{"level":"error","message":"Request Failed: POST /api/v1/promotions/checkout-session | Status: 400 | User: Guest"}
{"level":"info","message":"Incoming Request: GET /api/v1/jobs/public?keyword=&location=&jobType=&page=1 | User: Guest | IP: ::1"}
{"level":"info","message":"Request Completed: GET /api/v1/jobs/public?keyword=&location=&jobType=&page=1 | Status: 304 | User: Guest"}
{"level":"info","message":"Incoming Request: GET /api/v1/jobs/public?keyword=&location=&jobType=&page=1 | User: Guest | IP: ::1"}
{"level":"info","message":"Request Completed: GET /api/v1/jobs/public?keyword=&location=&jobType=&page=1 | Status: 304 | User: Guest"}
{"level":"info","message":"Incoming Request: GET /api/v1/promotions/active | User: Guest | IP: ::1"}
{"level":"info","message":"Request Completed: GET /api/v1/promotions/active | Status: 200 | User: Guest"}
{"level":"info","message":"Incoming Request: GET /api/v1/recruiter-dashboard/stats | User: Guest | IP: ::1"}
{"level":"info","message":"Incoming Request: GET /api/v1/recruiter-dashboard/recent-applicants | User: Guest | IP: ::1"}
{"level":"info","message":"Incoming Request: GET /api/v1/jobs | User: Guest | IP: ::1"}
{"level":"info","message":"Request Completed: GET /api/v1/recruiter-dashboard/recent-applicants | Status: 304 | User: Guest"}
{"level":"info","message":"Request Completed: GET /api/v1/recruiter-dashboard/stats | Status: 304 | User: Guest"}
{"level":"info","message":"Request Completed: GET /api/v1/jobs | Status: 304 | User: Guest"}
{"level":"info","message":"Incoming Request: GET /api/v1/jobs/public?keyword=&location=&jobType=&page=1 | User: Guest | IP: ::1"}
{"level":"info","message":"Request Completed: GET /api/v1/jobs/public?keyword=&location=&jobType=&page=1 | Status: 304 | User: Guest"}
{"level":"info","message":"Incoming Request: POST /api/v1/promotions/checkout-session | User: Guest | IP: ::1"}
{"level":"error","message":"Request Failed: POST /api/v1/promotions/checkout-session | Status: 400 | User: Guest"}
{"level":"info","message":"Incoming Request: GET /api/v1/promotions/active | User: Guest | IP: ::1"}
{"level":"info","message":"Incoming Request: GET /api/v1/recruiter-dashboard/stats | User: Guest | IP: ::1"}
{"level":"info","message":"Incoming Request: GET /api/v1/recruiter-dashboard/recent-applicants | User: Guest | IP: ::1"}
{"level":"info","message":"Incoming Request: GET /api/v1/jobs | User: Guest | IP: ::1"}
{"level":"info","message":"Request Completed: GET /api/v1/promotions/active | Status: 200 | User: Guest"}
{"level":"info","message":"Request Completed: GET /api/v1/recruiter-dashboard/recent-applicants | Status: 304 | User: Guest"}
{"level":"info","message":"Request Completed: GET /api/v1/jobs | Status: 304 | User: Guest"}
{"level":"info","message":"Request Completed: GET /api/v1/recruiter-dashboard/stats | Status: 304 | User: Guest"}
{"level":"info","message":"Incoming Request: GET /api/v1/applications/job/6960fae9b176dd307822d7fe/applicants | User: Guest | IP: ::1"}
{"level":"info","message":"Request Completed: GET /api/v1/applications/job/6960fae9b176dd307822d7fe/applicants | Status: 200 | User: Guest"}
{"level":"info","message":"Incoming Request: POST /api/v1/promotions/checkout-session | User: Guest | IP: ::1"}
{"level":"error","message":"Request Failed: POST /api/v1/promotions/checkout-session | Status: 400 | User: Guest"}
{"level":"info","message":"Incoming Request: GET /api/v1/promotions/active | User: Guest | IP: ::1"}
{"level":"info","message":"Incoming Request: GET /api/v1/recruiter-dashboard/stats | User: Guest | IP: ::1"}
{"level":"info","message":"Incoming Request: GET /api/v1/recruiter-dashboard/recent-applicants | User: Guest | IP: ::1"}
{"level":"info","message":"Incoming Request: GET /api/v1/jobs | User: Guest | IP: ::1"}
{"level":"info","message":"Request Completed: GET /api/v1/promotions/active | Status: 200 | User: Guest"}
{"level":"info","message":"Request Completed: GET /api/v1/jobs | Status: 304 | User: Guest"}
{"level":"info","message":"Request Completed: GET /api/v1/recruiter-dashboard/recent-applicants | Status: 304 | User: Guest"}
{"level":"info","message":"Request Completed: GET /api/v1/recruiter-dashboard/stats | Status: 304 | User: Guest"}
{"level":"info","message":"Incoming Request: POST /api/v1/promotions/checkout-session | User: Guest | IP: ::1"}
{"level":"error","message":"Request Failed: POST /api/v1/promotions/checkout-session | Status: 400 | User: Guest"}
{"level":"info","message":"Incoming Request: GET /api/v1/jobs/public? | User: Guest | IP: ::1"}
{"level":"info","message":"Incoming Request: GET /api/v1/companies/public | User: Guest | IP: ::1"}
{"level":"info","message":"Request Completed: GET /api/v1/companies/public | Status: 200 | User: Guest"}
{"level":"info","message":"Request Completed: GET /api/v1/jobs/public? | Status: 200 | User: Guest"}
{"level":"info","message":"Incoming Request: GET / | User: Guest | IP: ::1"}
{"level":"error","message":"Request Failed: GET / | Status: 404 | User: Guest"}
{"level":"info","message":"Incoming Request: HEAD /api/v1/jobs/public | User: Guest | IP: ::1"}
{"level":"info","message":"Request Completed: HEAD /api/v1/jobs/public | Status: 200 | User: Guest"}
{"level":"info","message":"Incoming Request: POST /api/v1/users/login | User: Guest | IP: ::1"}
{"level":"info","message":"Request Completed: POST /api/v1/users/login | Status: 200 | User: Guest"}
{"level":"info","message":"Incoming Request: GET /api/v1/chats | User: Guest | IP: ::1"}
{"level":"info","message":"Request Completed: GET /api/v1/chats | Status: 304 | User: Guest"}
{"level":"info","message":"Incoming Request: GET /api/v1/recruiter-dashboard/stats | User: Guest | IP: ::1"}
{"level":"info","message":"Incoming Request: GET /api/v1/promotions/active | User: Guest | IP: ::1"}
{"level":"info","message":"Incoming Request: GET /api/v1/recruiter-dashboard/recent-applicants | User: Guest | IP: ::1"}
{"level":"info","message":"Incoming Request: GET /api/v1/jobs | User: Guest | IP: ::1"}
{"level":"info","message":"Request Completed: GET /api/v1/promotions/active | Status: 200 | User: Guest"}
{"level":"info","message":"Request Completed: GET /api/v1/recruiter-dashboard/recent-applicants | Status: 200 | User: Guest"}
{"level":"info","message":"Request Completed: GET /api/v1/jobs | Status: 200 | User: Guest"}
{"level":"info","message":"Request Completed: GET /api/v1/recruiter-dashboard/stats | Status: 200 | User: Guest"}
{"level":"info","message":"Incoming Request: POST /api/v1/promotions/checkout-session | User: Guest | IP: ::1"}
{"level":"error","message":"Request Failed: POST /api/v1/promotions/checkout-session | Status: 400 | User: Guest"}
{"level":"info","message":"Incoming Request: POST /api/v1/promotions/checkout-session | User: Guest | IP: ::1"}
{"level":"error","message":"Request Failed: POST /api/v1/promotions/checkout-session | Status: 400 | User: Guest"}
{"level":"info","message":"Incoming Request: POST /api/v1/promotions/checkout-session | User: Guest | IP: ::1"}
{"level":"info","message":"Request Completed: POST /api/v1/promotions/checkout-session | Status: 200 | User: Guest"}
{"level":"info","message":"Incoming Request: GET /api/v1/chats | User: Guest | IP: ::1"}
{"level":"info","message":"Incoming Request: GET /api/v1/jobs/public? | User: Guest | IP: ::1"}
{"level":"info","message":"Incoming Request: GET /api/v1/companies/public | User: Guest | IP: ::1"}
{"level":"info","message":"Request Completed: GET /api/v1/companies/public | Status: 304 | User: Guest"}
{"level":"info","message":"Request Completed: GET /api/v1/chats | Status: 304 | User: Guest"}
{"level":"info","message":"Request Completed: GET /api/v1/jobs/public? | Status: 304 | User: Guest"}
{"level":"info","message":"Incoming Request: POST /api/v1/users/login | User: Guest | IP: ::1"}
{"level":"info","message":"Request Completed: POST /api/v1/users/login | Status: 200 | User: Guest"}
{"level":"info","message":"Incoming Request: GET /api/v1/admin/companies | User: Guest | IP: ::1"}
{"level":"info","message":"Request Completed: GET /api/v1/admin/companies | Status: 200 | User: Guest"}
{"level":"info","message":"Incoming Request: GET /api/v1/admin/logs | User: Guest | IP: ::1"}
{"level":"info","message":"Request Completed: GET /api/v1/admin/logs | Status: 200 | User: Guest"}
{"level":"info","message":"Incoming Request: GET /api/v1/admin/users | User: Guest | IP: ::1"}
{"level":"info","message":"Request Completed: GET /api/v1/admin/users | Status: 200 | User: Guest"}
{"level":"info","message":"Incoming Request: GET /api/v1/admin/logs | User: Guest | IP: ::1"}
{"level":"info","message":"Request Completed: GET /api/v1/admin/logs | Status: 200 | User: Guest"}
{"level":"info","message":"Incoming Request: GET /api/v1/admin/logs | User: Guest | IP: ::1"}
{"level":"info","message":"Request Completed: GET /api/v1/admin/logs | Status: 200 | User: Guest"}
{"level":"info","message":"Incoming Request: GET /api/v1/admin/logs | User: Guest | IP: ::1"}
{"level":"info","message":"Request Completed: GET /api/v1/admin/logs | Status: 200 | User: Guest"}
{"level":"info","message":"Incoming Request: GET /api/v1/admin/logs | User: Guest | IP: ::1"}
{"level":"info","message":"Request Completed: GET /api/v1/admin/logs | Status: 200 | User: Guest"}
{"level":"info","message":"Incoming Request: GET /api/v1/admin/logs | User: Guest | IP: ::1"}
{"level":"info","message":"Request Completed: GET /api/v1/admin/logs | Status: 200 | User: Guest"}
{"level":"info","message":"Incoming Request: GET /api/v1/admin/users | User: Guest | IP: ::1"}
{"level":"info","message":"Request Completed: GET /api/v1/admin/users | Status: 304 | User: Guest"}
{"level":"info","message":"Incoming Request: GET /api/v1/admin/chatbot-settings | User: Guest | IP: ::1"}
{"level":"info","message":"Request Completed: GET /api/v1/admin/chatbot-settings | Status: 200 | User: Guest"}
{"level":"info","message":"Incoming Request: GET /api/v1/admin/companies | User: Guest | IP: ::1"}
{"level":"info","message":"Request Completed: GET /api/v1/admin/companies | Status: 304 | User: Guest"}
{"level":"info","message":"Incoming Request: GET /api/v1/admin/logs | User: Guest | IP: ::1","timestamp":"2026-01-13T04:34:24.675Z"}
{"level":"info","message":"Request Completed: GET /api/v1/admin/logs | Status: 200 | User: Guest","timestamp":"2026-01-13T04:34:24.759Z"}
{"level":"info","message":"Incoming Request: GET /api/v1/admin/logs | User: Guest | IP: ::1","timestamp":"2026-01-13T04:35:15.880Z"}
{"level":"info","message":"Request Completed: GET /api/v1/admin/logs | Status: 200 | User: Guest","timestamp":"2026-01-13T04:35:15.924Z"}
{"level":"info","message":"Incoming Request: GET /api/v1/admin/logs | User: Guest | IP: ::1","timestamp":"2026-01-13T04:35:46.871Z"}
{"level":"info","message":"Request Completed: GET /api/v1/admin/logs | Status: 200 | User: Guest","timestamp":"2026-01-13T04:35:46.910Z"}
{"level":"info","message":"Incoming Request: GET /api/v1/admin/logs | User: Guest | IP: ::1","timestamp":"2026-01-13T04:36:17.877Z"}
{"level":"info","message":"Request Completed: GET /api/v1/admin/logs | Status: 200 | User: Guest","timestamp":"2026-01-13T04:36:17.918Z"}
{"level":"info","message":"Incoming Request: GET /api/v1/admin/logs | User: Guest | IP: ::1","timestamp":"2026-01-13T04:36:48.896Z"}
{"level":"info","message":"Request Completed: GET /api/v1/admin/logs | Status: 200 | User: Guest","timestamp":"2026-01-13T04:36:48.972Z"}
{"level":"info","message":"Incoming Request: GET /api/v1/admin/logs | User: Guest | IP: ::1","timestamp":"2026-01-13T04:37:19.893Z"}
{"level":"info","message":"Request Completed: GET /api/v1/admin/logs | Status: 200 | User: Guest","timestamp":"2026-01-13T04:37:19.969Z"}
{"level":"info","message":"Incoming Request: GET /api/v1/admin/logs | User: Guest | IP: ::1","timestamp":"2026-01-13T04:37:50.870Z"}
{"level":"info","message":"Request Completed: GET /api/v1/admin/logs | Status: 200 | User: Guest","timestamp":"2026-01-13T04:37:50.909Z"}
{"level":"info","message":"Incoming Request: GET /api/v1/admin/logs | User: Guest | IP: ::1","timestamp":"2026-01-13T04:38:21.871Z"}
{"level":"info","message":"Request Completed: GET /api/v1/admin/logs | Status: 200 | User: Guest","timestamp":"2026-01-13T04:38:21.911Z"}
{"level":"info","message":"Incoming Request: GET /api/v1/admin/logs | User: Guest | IP: ::1","timestamp":"2026-01-13T04:38:52.873Z"}
{"level":"info","message":"Request Completed: GET /api/v1/admin/logs | Status: 200 | User: Guest","timestamp":"2026-01-13T04:38:52.917Z"}
{"level":"info","message":"Incoming Request: GET /api/v1/admin/logs | User: Guest | IP: ::1","timestamp":"2026-01-13T04:39:23.867Z"}
{"level":"info","message":"Request Completed: GET /api/v1/admin/logs | Status: 200 | User: Guest","timestamp":"2026-01-13T04:39:23.897Z"}
{"level":"info","message":"Incoming Request: GET /api/v1/admin/logs | User: Guest | IP: ::1","timestamp":"2026-01-13T04:39:54.883Z"}
{"level":"info","message":"Request Completed: GET /api/v1/admin/logs | Status: 200 | User: Guest","timestamp":"2026-01-13T04:39:54.925Z"}
{"level":"info","message":"Incoming Request: GET /api/v1/admin/logs | User: Guest | IP: ::1","timestamp":"2026-01-13T04:40:25.866Z"}
{"level":"info","message":"Request Completed: GET /api/v1/admin/logs | Status: 200 | User: Guest","timestamp":"2026-01-13T04:40:25.908Z"}
{"level":"info","message":"Incoming Request: GET /api/v1/admin/logs | User: Guest | IP: ::1","timestamp":"2026-01-13T04:40:57.187Z"}
{"level":"info","message":"Request Completed: GET /api/v1/admin/logs | Status: 200 | User: Guest","timestamp":"2026-01-13T04:40:57.220Z"}
{"level":"info","message":"Incoming Request: GET /api/v1/admin/logs | User: Guest | IP: ::1","timestamp":"2026-01-13T04:41:06.337Z"}
{"level":"info","message":"Request Completed: GET /api/v1/admin/logs | Status: 200 | User: Guest","timestamp":"2026-01-13T04:41:06.400Z"}
{"level":"info","message":"Incoming Request: GET /api/v1/admin/logs | User: Guest | IP: ::1","timestamp":"2026-01-13T04:41:36.781Z"}
{"level":"info","message":"Request Completed: GET /api/v1/admin/logs | Status: 200 | User: Guest","timestamp":"2026-01-13T04:41:36.829Z"}
{"level":"info","message":"Incoming Request: GET /api/v1/admin/logs | User: Guest | IP: ::1","timestamp":"2026-01-13T04:42:07.883Z"}
{"level":"info","message":"Request Completed: GET /api/v1/admin/logs | Status: 200 | User: Guest","timestamp":"2026-01-13T04:42:07.952Z"}
{"level":"info","message":"Incoming Request: GET /api/v1/admin/logs | User: Guest | IP: ::1","timestamp":"2026-01-13T04:42:56.117Z"}
