{"level":"error","message":"Request Failed: POST /api/v1/users/login | Status: 404 | User: Guest"}
{"level":"error","message":"Request Failed: POST /api/v1/users/login | Status: 404 | User: Guest"}
{"level":"error","message":"Request Failed: POST /api/v1/users/login | Status: 404 | User: Guest"}
{"level":"error","message":"Request Failed: POST /api/v1/users/login | Status: 404 | User: Guest"}
{"level":"error","message":"Request Failed: POST /api/v1/users/login | Status: 404 | User: Guest"}
{"level":"error","message":"Request Failed: POST /api/v1/users/forgot-password | Status: 404 | User: Guest"}
{"level":"error","message":"Request Failed: POST /api/v1/users/forgot-password | Status: 404 | User: Guest"}
{"level":"error","message":"Request Failed: POST /api/v1/users/login | Status: 401 | User: Guest"}
{"level":"error","message":"Request Failed: POST /api/v1/users/login | Status: 401 | User: Guest"}
{"level":"error","message":"Request Failed: POST /api/v1/users/login | Status: 401 | User: Guest"}
{"level":"error","message":"Request Failed: POST /api/v1/users/login | Status: 404 | User: Guest"}
{"level":"error","message":"Request Failed: GET /api/v1/jobs/6960fae9b176dd307822d7fe | Status: 404 | User: Guest"}
{"level":"error","message":"Request Failed: HEAD / | Status: 404 | User: Guest"}
{"level":"error","message":"Request Failed: POST /api/v1/promotions/checkout-session | Status: 400 | User: Guest"}
{"level":"error","message":"Request Failed: POST /api/v1/promotions/checkout-session | Status: 400 | User: Guest"}
{"level":"error","message":"Request Failed: POST /api/v1/promotions/checkout-session | Status: 400 | User: Guest"}
{"level":"error","message":"Request Failed: POST /api/v1/promotions/checkout-session | Status: 400 | User: Guest"}
{"level":"error","message":"Request Failed: POST /api/v1/promotions/checkout-session | Status: 400 | User: Guest"}
{"level":"error","message":"Request Failed: POST /api/v1/promotions/checkout-session | Status: 400 | User: Guest"}
{"level":"error","message":"Request Failed: POST /api/v1/promotions/checkout-session | Status: 400 | User: Guest"}
{"level":"error","message":"Request Failed: POST /api/v1/promotions/checkout-session | Status: 400 | User: Guest"}
{"level":"error","message":"Request Failed: POST /api/v1/promotions/checkout-session | Status: 400 | User: Guest"}
{"level":"error","message":"Request Failed: POST /api/v1/promotions/checkout-session | Status: 400 | User: Guest"}
{"level":"error","message":"Request Failed: POST /api/v1/promotions/checkout-session | Status: 400 | User: Guest"}
{"level":"error","message":"Request Failed: GET / | Status: 404 | User: Guest"}
{"level":"error","message":"Request Failed: POST /api/v1/promotions/checkout-session | Status: 400 | User: Guest"}
{"level":"error","message":"Request Failed: POST /api/v1/promotions/checkout-session | Status: 400 | User: Guest"}
{"level":"error","message":"Request Failed: GET /api/v1/security-logs?userId=696510f6351528c99cc49210&page=1&limit=10& | Status: 401 | User: Guest","timestamp":"2026-01-13T05:08:07.096Z"}
{"level":"error","message":"Request Failed: GET /api/v1/security-logs?userId=69650fe553a7a5ccca1ae1c5&page=1&limit=10& | Status: 401 | User: Guest","timestamp":"2026-01-13T05:08:15.805Z"}
{"level":"error","message":"Request Failed: GET /api/v1/security-logs?userId=696510f6351528c99cc49210&page=1&limit=10& | Status: 401 | User: Guest","timestamp":"2026-01-13T05:08:27.775Z"}
